  [1m[36m (54.0ms)[0m  [1mCREATE TABLE "schema_migrations" ("version" varchar NOT NULL) [0m
  [1m[35m (0.2ms)[0m  select sqlite_version(*)
  [1m[36m (3.3ms)[0m  [1mCREATE UNIQUE INDEX "unique_schema_migrations" ON "schema_migrations" ("version")[0m
  [1m[35mActiveRecord::SchemaMigration Load (0.2ms)[0m  SELECT "schema_migrations".* FROM "schema_migrations"
Migrating to CreateTexts (20151118020524)
  [1m[36m (0.1ms)[0m  [1mbegin transaction[0m
  [1m[35m (0.4ms)[0m  CREATE TABLE "texts" ("id" INTEGER PRIMARY KEY AUTOINCREMENT NOT NULL, "name" varchar, "created_at" datetime NOT NULL, "updated_at" datetime NOT NULL) 
  [1m[36mSQL (0.2ms)[0m  [1mINSERT INTO "schema_migrations" ("version") VALUES (?)[0m  [["version", "20151118020524"]]
  [1m[35m (2.8ms)[0m  commit transaction
Migrating to AddFileToTexts (20151118020648)
  [1m[36m (0.1ms)[0m  [1mbegin transaction[0m
  [1m[35m (0.4ms)[0m  ALTER TABLE "texts" ADD "file" varchar
  [1m[36mSQL (0.1ms)[0m  [1mINSERT INTO "schema_migrations" ("version") VALUES (?)[0m  [["version", "20151118020648"]]
  [1m[35m (3.3ms)[0m  commit transaction
  [1m[36mActiveRecord::SchemaMigration Load (0.1ms)[0m  [1mSELECT "schema_migrations".* FROM "schema_migrations"[0m


Started GET "/texts/index" for ::1 at 2015-11-18 11:09:16 +0900
  [1m[36mActiveRecord::SchemaMigration Load (0.1ms)[0m  [1mSELECT "schema_migrations".* FROM "schema_migrations"[0m
Processing by TextsController#show as HTML
  Parameters: {"id"=>"index"}
  [1m[35mText Load (0.3ms)[0m  SELECT  "texts".* FROM "texts" WHERE "texts"."id" = ? LIMIT 1  [["id", 0]]
Completed 404 Not Found in 111ms (ActiveRecord: 0.6ms)

ActiveRecord::RecordNotFound (Couldn't find Text with 'id'=index):
  app/controllers/texts_controller.rb:67:in `set_text'


  Rendered /Users/k.kawano/.rbenv/versions/2.0.0-p576/lib/ruby/gems/2.0.0/gems/actionpack-4.2.3/lib/action_dispatch/middleware/templates/rescues/_source.erb (5.5ms)
  Rendered /Users/k.kawano/.rbenv/versions/2.0.0-p576/lib/ruby/gems/2.0.0/gems/actionpack-4.2.3/lib/action_dispatch/middleware/templates/rescues/_trace.html.erb (2.3ms)
  Rendered /Users/k.kawano/.rbenv/versions/2.0.0-p576/lib/ruby/gems/2.0.0/gems/actionpack-4.2.3/lib/action_dispatch/middleware/templates/rescues/_request_and_response.html.erb (0.9ms)
  Rendered /Users/k.kawano/.rbenv/versions/2.0.0-p576/lib/ruby/gems/2.0.0/gems/actionpack-4.2.3/lib/action_dispatch/middleware/templates/rescues/diagnostics.html.erb within rescues/layout (23.3ms)
  Rendered /Users/k.kawano/.rbenv/versions/2.0.0-p576/lib/ruby/gems/2.0.0/gems/web-console-2.2.1/lib/web_console/templates/_markup.html.erb (0.6ms)
  Rendered /Users/k.kawano/.rbenv/versions/2.0.0-p576/lib/ruby/gems/2.0.0/gems/web-console-2.2.1/lib/web_console/templates/_inner_console_markup.html.erb within layouts/inlined_string (0.3ms)
  Rendered /Users/k.kawano/.rbenv/versions/2.0.0-p576/lib/ruby/gems/2.0.0/gems/web-console-2.2.1/lib/web_console/templates/_prompt_box_markup.html.erb within layouts/inlined_string (0.3ms)
  Rendered /Users/k.kawano/.rbenv/versions/2.0.0-p576/lib/ruby/gems/2.0.0/gems/web-console-2.2.1/lib/web_console/templates/style.css.erb within layouts/inlined_string (0.3ms)
  Rendered /Users/k.kawano/.rbenv/versions/2.0.0-p576/lib/ruby/gems/2.0.0/gems/web-console-2.2.1/lib/web_console/templates/console.js.erb within layouts/javascript (17.0ms)
  Rendered /Users/k.kawano/.rbenv/versions/2.0.0-p576/lib/ruby/gems/2.0.0/gems/web-console-2.2.1/lib/web_console/templates/main.js.erb within layouts/javascript (0.3ms)
  Rendered /Users/k.kawano/.rbenv/versions/2.0.0-p576/lib/ruby/gems/2.0.0/gems/web-console-2.2.1/lib/web_console/templates/error_page.js.erb within layouts/javascript (0.4ms)
  Rendered /Users/k.kawano/.rbenv/versions/2.0.0-p576/lib/ruby/gems/2.0.0/gems/web-console-2.2.1/lib/web_console/templates/index.html.erb (43.7ms)


Started GET "/texts/index" for ::1 at 2015-11-18 11:09:26 +0900
Processing by TextsController#show as HTML
  Parameters: {"id"=>"index"}
  [1m[36mText Load (0.1ms)[0m  [1mSELECT  "texts".* FROM "texts" WHERE "texts"."id" = ? LIMIT 1[0m  [["id", 0]]
Completed 404 Not Found in 1ms (ActiveRecord: 0.1ms)

ActiveRecord::RecordNotFound (Couldn't find Text with 'id'=index):
  app/controllers/texts_controller.rb:67:in `set_text'


  Rendered /Users/k.kawano/.rbenv/versions/2.0.0-p576/lib/ruby/gems/2.0.0/gems/actionpack-4.2.3/lib/action_dispatch/middleware/templates/rescues/_source.erb (4.9ms)
  Rendered /Users/k.kawano/.rbenv/versions/2.0.0-p576/lib/ruby/gems/2.0.0/gems/actionpack-4.2.3/lib/action_dispatch/middleware/templates/rescues/_trace.html.erb (2.3ms)
  Rendered /Users/k.kawano/.rbenv/versions/2.0.0-p576/lib/ruby/gems/2.0.0/gems/actionpack-4.2.3/lib/action_dispatch/middleware/templates/rescues/_request_and_response.html.erb (1.4ms)
  Rendered /Users/k.kawano/.rbenv/versions/2.0.0-p576/lib/ruby/gems/2.0.0/gems/actionpack-4.2.3/lib/action_dispatch/middleware/templates/rescues/diagnostics.html.erb within rescues/layout (21.9ms)
  Rendered /Users/k.kawano/.rbenv/versions/2.0.0-p576/lib/ruby/gems/2.0.0/gems/web-console-2.2.1/lib/web_console/templates/_markup.html.erb (0.4ms)
  Rendered /Users/k.kawano/.rbenv/versions/2.0.0-p576/lib/ruby/gems/2.0.0/gems/web-console-2.2.1/lib/web_console/templates/_inner_console_markup.html.erb within layouts/inlined_string (0.4ms)
  Rendered /Users/k.kawano/.rbenv/versions/2.0.0-p576/lib/ruby/gems/2.0.0/gems/web-console-2.2.1/lib/web_console/templates/_prompt_box_markup.html.erb within layouts/inlined_string (0.3ms)
  Rendered /Users/k.kawano/.rbenv/versions/2.0.0-p576/lib/ruby/gems/2.0.0/gems/web-console-2.2.1/lib/web_console/templates/style.css.erb within layouts/inlined_string (0.4ms)
  Rendered /Users/k.kawano/.rbenv/versions/2.0.0-p576/lib/ruby/gems/2.0.0/gems/web-console-2.2.1/lib/web_console/templates/console.js.erb within layouts/javascript (18.0ms)
  Rendered /Users/k.kawano/.rbenv/versions/2.0.0-p576/lib/ruby/gems/2.0.0/gems/web-console-2.2.1/lib/web_console/templates/main.js.erb within layouts/javascript (0.4ms)
  Rendered /Users/k.kawano/.rbenv/versions/2.0.0-p576/lib/ruby/gems/2.0.0/gems/web-console-2.2.1/lib/web_console/templates/error_page.js.erb within layouts/javascript (0.4ms)
  Rendered /Users/k.kawano/.rbenv/versions/2.0.0-p576/lib/ruby/gems/2.0.0/gems/web-console-2.2.1/lib/web_console/templates/index.html.erb (39.0ms)


Started GET "/" for ::1 at 2015-11-18 11:09:31 +0900
Processing by Rails::WelcomeController#index as HTML
  Rendered /Users/k.kawano/.rbenv/versions/2.0.0-p576/lib/ruby/gems/2.0.0/gems/railties-4.2.3/lib/rails/templates/rails/welcome/index.html.erb (0.6ms)
Completed 200 OK in 2ms (Views: 1.8ms | ActiveRecord: 0.0ms)


Started GET "/" for ::1 at 2015-11-18 11:09:38 +0900
Processing by Rails::WelcomeController#index as HTML
  Rendered /Users/k.kawano/.rbenv/versions/2.0.0-p576/lib/ruby/gems/2.0.0/gems/railties-4.2.3/lib/rails/templates/rails/welcome/index.html.erb (0.0ms)
Completed 200 OK in 1ms (Views: 0.9ms | ActiveRecord: 0.0ms)


Started GET "/" for ::1 at 2015-11-18 11:09:58 +0900
  [1m[36mActiveRecord::SchemaMigration Load (0.1ms)[0m  [1mSELECT "schema_migrations".* FROM "schema_migrations"[0m
Processing by Rails::WelcomeController#index as HTML
  Rendered /Users/k.kawano/.rbenv/versions/2.0.0-p576/lib/ruby/gems/2.0.0/gems/railties-4.2.3/lib/rails/templates/rails/welcome/index.html.erb (1.2ms)
Completed 200 OK in 14ms (Views: 5.4ms | ActiveRecord: 0.0ms)


Started GET "/files" for ::1 at 2015-11-18 11:10:05 +0900

ActionController::RoutingError (No route matches [GET] "/files"):
  actionpack (4.2.3) lib/action_dispatch/middleware/debug_exceptions.rb:21:in `call'
  web-console (2.2.1) lib/web_console/middleware.rb:39:in `call'
  actionpack (4.2.3) lib/action_dispatch/middleware/show_exceptions.rb:30:in `call'
  railties (4.2.3) lib/rails/rack/logger.rb:38:in `call_app'
  railties (4.2.3) lib/rails/rack/logger.rb:20:in `block in call'
  activesupport (4.2.3) lib/active_support/tagged_logging.rb:68:in `block in tagged'
  activesupport (4.2.3) lib/active_support/tagged_logging.rb:26:in `tagged'
  activesupport (4.2.3) lib/active_support/tagged_logging.rb:68:in `tagged'
  railties (4.2.3) lib/rails/rack/logger.rb:20:in `call'
  actionpack (4.2.3) lib/action_dispatch/middleware/request_id.rb:21:in `call'
  rack (1.6.4) lib/rack/methodoverride.rb:22:in `call'
  rack (1.6.4) lib/rack/runtime.rb:18:in `call'
  activesupport (4.2.3) lib/active_support/cache/strategy/local_cache_middleware.rb:28:in `call'
  rack (1.6.4) lib/rack/lock.rb:17:in `call'
  actionpack (4.2.3) lib/action_dispatch/middleware/static.rb:116:in `call'
  rack (1.6.4) lib/rack/sendfile.rb:113:in `call'
  railties (4.2.3) lib/rails/engine.rb:518:in `call'
  railties (4.2.3) lib/rails/application.rb:165:in `call'
  rack (1.6.4) lib/rack/lock.rb:17:in `call'
  rack (1.6.4) lib/rack/content_length.rb:15:in `call'
  rack (1.6.4) lib/rack/handler/webrick.rb:88:in `service'
  /Users/k.kawano/.rbenv/versions/2.0.0-p576/lib/ruby/2.0.0/webrick/httpserver.rb:138:in `service'
  /Users/k.kawano/.rbenv/versions/2.0.0-p576/lib/ruby/2.0.0/webrick/httpserver.rb:94:in `run'
  /Users/k.kawano/.rbenv/versions/2.0.0-p576/lib/ruby/2.0.0/webrick/server.rb:295:in `block in start_thread'


  Rendered /Users/k.kawano/.rbenv/versions/2.0.0-p576/lib/ruby/gems/2.0.0/gems/actionpack-4.2.3/lib/action_dispatch/middleware/templates/rescues/_trace.html.erb (1.3ms)
  Rendered /Users/k.kawano/.rbenv/versions/2.0.0-p576/lib/ruby/gems/2.0.0/gems/actionpack-4.2.3/lib/action_dispatch/middleware/templates/routes/_route.html.erb (0.9ms)
  Rendered /Users/k.kawano/.rbenv/versions/2.0.0-p576/lib/ruby/gems/2.0.0/gems/actionpack-4.2.3/lib/action_dispatch/middleware/templates/routes/_table.html.erb (6.3ms)
  Rendered /Users/k.kawano/.rbenv/versions/2.0.0-p576/lib/ruby/gems/2.0.0/gems/actionpack-4.2.3/lib/action_dispatch/middleware/templates/rescues/_request_and_response.html.erb (1.3ms)
  Rendered /Users/k.kawano/.rbenv/versions/2.0.0-p576/lib/ruby/gems/2.0.0/gems/actionpack-4.2.3/lib/action_dispatch/middleware/templates/rescues/routing_error.html.erb within rescues/layout (31.5ms)
  Rendered /Users/k.kawano/.rbenv/versions/2.0.0-p576/lib/ruby/gems/2.0.0/gems/web-console-2.2.1/lib/web_console/templates/_markup.html.erb (0.5ms)
  Rendered /Users/k.kawano/.rbenv/versions/2.0.0-p576/lib/ruby/gems/2.0.0/gems/web-console-2.2.1/lib/web_console/templates/_inner_console_markup.html.erb within layouts/inlined_string (0.3ms)
  Rendered /Users/k.kawano/.rbenv/versions/2.0.0-p576/lib/ruby/gems/2.0.0/gems/web-console-2.2.1/lib/web_console/templates/_prompt_box_markup.html.erb within layouts/inlined_string (0.3ms)
  Rendered /Users/k.kawano/.rbenv/versions/2.0.0-p576/lib/ruby/gems/2.0.0/gems/web-console-2.2.1/lib/web_console/templates/style.css.erb within layouts/inlined_string (0.3ms)
  Rendered /Users/k.kawano/.rbenv/versions/2.0.0-p576/lib/ruby/gems/2.0.0/gems/web-console-2.2.1/lib/web_console/templates/console.js.erb within layouts/javascript (15.2ms)
  Rendered /Users/k.kawano/.rbenv/versions/2.0.0-p576/lib/ruby/gems/2.0.0/gems/web-console-2.2.1/lib/web_console/templates/main.js.erb within layouts/javascript (0.2ms)
  Rendered /Users/k.kawano/.rbenv/versions/2.0.0-p576/lib/ruby/gems/2.0.0/gems/web-console-2.2.1/lib/web_console/templates/error_page.js.erb within layouts/javascript (0.3ms)
  Rendered /Users/k.kawano/.rbenv/versions/2.0.0-p576/lib/ruby/gems/2.0.0/gems/web-console-2.2.1/lib/web_console/templates/index.html.erb (33.0ms)


Started GET "/texts" for ::1 at 2015-11-18 11:10:14 +0900
Processing by TextsController#index as HTML
  [1m[35mText Load (0.2ms)[0m  SELECT "texts".* FROM "texts"
  Rendered texts/index.html.erb within layouts/application (1.8ms)
Completed 200 OK in 1145ms (Views: 1140.1ms | ActiveRecord: 0.3ms)


Started GET "/assets/scaffolds.self-3e0156051e0c60830396897ed146379f3fbcd6306ab22b35e814027febb1c742.css?body=1" for ::1 at 2015-11-18 11:10:15 +0900


Started GET "/texts/new" for ::1 at 2015-11-18 11:10:17 +0900
Processing by TextsController#new as HTML
  Rendered texts/_form.html.erb (76.9ms)
  Rendered texts/new.html.erb within layouts/application (79.1ms)
Completed 200 OK in 128ms (Views: 118.0ms | ActiveRecord: 0.3ms)


Started GET "/texts/new" for ::1 at 2015-11-18 11:11:11 +0900
Processing by TextsController#new as HTML
  Rendered texts/_form.html.erb (3.1ms)
  Rendered texts/new.html.erb within layouts/application (4.3ms)
Completed 200 OK in 34ms (Views: 33.4ms | ActiveRecord: 0.0ms)


Started GET "/assets/application.self-e80e8f2318043e8af94dddc2adad5a4f09739a8ebb323b3ab31cd71d45fd9113.css?body=1" for ::1 at 2015-11-18 11:11:11 +0900


Started GET "/assets/jquery.self-a714331225dda820228db323939889f149aec0127aeb06255646b616ba1ca419.js?body=1" for ::1 at 2015-11-18 11:11:11 +0900


Started GET "/assets/jquery_ujs.self-d456baa54c1fa6be2ec3711f0a72ddf7a5b2f34a6b4f515f33767d6207b7d4b3.js?body=1" for ::1 at 2015-11-18 11:11:11 +0900


Started GET "/assets/texts.self-e3b0c44298fc1c149afbf4c8996fb92427ae41e4649b934ca495991b7852b855.css?body=1" for ::1 at 2015-11-18 11:11:11 +0900


Started GET "/assets/turbolinks.self-c37727e9bd6b2735da5c311aa83fead54ed0be6cc8bd9a65309e9c5abe2cbfff.js?body=1" for ::1 at 2015-11-18 11:11:11 +0900


Started GET "/assets/scaffolds.self-3e0156051e0c60830396897ed146379f3fbcd6306ab22b35e814027febb1c742.css?body=1" for ::1 at 2015-11-18 11:11:11 +0900


Started GET "/assets/texts.self-877aef30ae1b040ab8a3aba4e3e309a11d7f2612f44dde450b5c157aa5f95c05.js?body=1" for ::1 at 2015-11-18 11:11:11 +0900


Started GET "/assets/application.self-3b8dabdc891efe46b9a144b400ad69e37d7e5876bdc39dee783419a69d7ca819.js?body=1" for ::1 at 2015-11-18 11:11:11 +0900
  [1m[36mActiveRecord::SchemaMigration Load (0.1ms)[0m  [1mSELECT "schema_migrations".* FROM "schema_migrations"[0m
Migrating to CreatePeople (20151118021332)
  [1m[35m (0.1ms)[0m  begin transaction
  [1m[36m (0.4ms)[0m  [1mCREATE TABLE "people" ("id" INTEGER PRIMARY KEY AUTOINCREMENT NOT NULL, "parent" varchar, "child" varchar, "created_at" datetime NOT NULL, "updated_at" datetime NOT NULL) [0m
  [1m[35mSQL (0.2ms)[0m  INSERT INTO "schema_migrations" ("version") VALUES (?)  [["version", "20151118021332"]]
  [1m[36m (51.1ms)[0m  [1mcommit transaction[0m
  [1m[35mActiveRecord::SchemaMigration Load (0.1ms)[0m  SELECT "schema_migrations".* FROM "schema_migrations"


Started GET "/texts/new" for ::1 at 2015-11-18 11:15:11 +0900
  [1m[36mActiveRecord::SchemaMigration Load (0.1ms)[0m  [1mSELECT "schema_migrations".* FROM "schema_migrations"[0m
Processing by TextsController#new as HTML
  Rendered texts/_form.html.erb (1.9ms)
  Rendered texts/new.html.erb within layouts/application (2.6ms)
Completed 200 OK in 369ms (Views: 360.2ms | ActiveRecord: 0.4ms)


Started GET "/assets/people.self-e3b0c44298fc1c149afbf4c8996fb92427ae41e4649b934ca495991b7852b855.css?body=1" for ::1 at 2015-11-18 11:15:11 +0900


Started GET "/assets/jquery.self-a714331225dda820228db323939889f149aec0127aeb06255646b616ba1ca419.js?body=1" for ::1 at 2015-11-18 11:15:11 +0900


Started GET "/assets/texts.self-e3b0c44298fc1c149afbf4c8996fb92427ae41e4649b934ca495991b7852b855.css?body=1" for ::1 at 2015-11-18 11:15:11 +0900


Started GET "/assets/scaffolds.self-3e0156051e0c60830396897ed146379f3fbcd6306ab22b35e814027febb1c742.css?body=1" for ::1 at 2015-11-18 11:15:11 +0900


Started GET "/assets/application.self-e80e8f2318043e8af94dddc2adad5a4f09739a8ebb323b3ab31cd71d45fd9113.css?body=1" for ::1 at 2015-11-18 11:15:11 +0900


Started GET "/assets/jquery_ujs.self-d456baa54c1fa6be2ec3711f0a72ddf7a5b2f34a6b4f515f33767d6207b7d4b3.js?body=1" for ::1 at 2015-11-18 11:15:11 +0900


Started GET "/assets/turbolinks.self-c37727e9bd6b2735da5c311aa83fead54ed0be6cc8bd9a65309e9c5abe2cbfff.js?body=1" for ::1 at 2015-11-18 11:15:11 +0900


Started GET "/assets/people.self-877aef30ae1b040ab8a3aba4e3e309a11d7f2612f44dde450b5c157aa5f95c05.js?body=1" for ::1 at 2015-11-18 11:15:11 +0900


Started GET "/assets/texts.self-877aef30ae1b040ab8a3aba4e3e309a11d7f2612f44dde450b5c157aa5f95c05.js?body=1" for ::1 at 2015-11-18 11:15:11 +0900


Started GET "/assets/application.self-3b8dabdc891efe46b9a144b400ad69e37d7e5876bdc39dee783419a69d7ca819.js?body=1" for ::1 at 2015-11-18 11:15:11 +0900


Started GET "/people/new" for ::1 at 2015-11-18 11:15:17 +0900
Processing by PeopleController#new as HTML
  Rendered people/_form.html.erb (2.6ms)
  Rendered people/new.html.erb within layouts/application (3.7ms)
Completed 200 OK in 54ms (Views: 44.3ms | ActiveRecord: 0.3ms)


Started POST "/people" for ::1 at 2015-11-18 11:15:42 +0900
Processing by PeopleController#create as HTML
  Parameters: {"utf8"=>"✓", "authenticity_token"=>"OCQEe2KHvdVN3DzqdY7rnHKO8TQuSk2xaCflRiQX/f1t7EM85qDIsDscpvpOfdt5RFXdsqh+ly6OgF/Rq4YcqA==", "person"=>{"parent"=>"", "child"=>"", "file"=>#<ActionDispatch::Http::UploadedFile:0x007f8c104e9870 @tempfile=#<Tempfile:/var/folders/fj/f593htpj66xbjzqgmjltgrnc0000gr/T/RackMultipart20151118-24733-1uwkpk4.txt>, @original_filename="ファイルイメージデータ.txt", @content_type="text/plain", @headers="Content-Disposition: form-data; name=\"person[file]\"; filename=\"\xE3\x83\x95\xE3\x82\xA1\xE3\x82\xA4\xE3\x83\xAB\xE3\x82\xA4\xE3\x83\xA1\xE3\x83\xBC\xE3\x82\xB8\xE3\x83\x87\xE3\x83\xBC\xE3\x82\xBF.txt\"\r\nContent-Type: text/plain\r\n">}, "commit"=>"Create Person"}
Unpermitted parameter: file
  [1m[35m (0.1ms)[0m  begin transaction
  [1m[36mSQL (0.4ms)[0m  [1mINSERT INTO "people" ("parent", "child", "created_at", "updated_at") VALUES (?, ?, ?, ?)[0m  [["parent", ""], ["child", ""], ["created_at", "2015-11-18 02:15:42.429390"], ["updated_at", "2015-11-18 02:15:42.429390"]]
  [1m[35m (3.5ms)[0m  commit transaction
Redirected to http://localhost:3000/people/1
Completed 302 Found in 10ms (ActiveRecord: 4.0ms)


Started GET "/people/1" for ::1 at 2015-11-18 11:15:42 +0900
Processing by PeopleController#show as HTML
  Parameters: {"id"=>"1"}
  [1m[36mPerson Load (0.2ms)[0m  [1mSELECT  "people".* FROM "people" WHERE "people"."id" = ? LIMIT 1[0m  [["id", 1]]
  Rendered people/show.html.erb within layouts/application (0.9ms)
Completed 200 OK in 46ms (Views: 40.5ms | ActiveRecord: 0.2ms)


Started GET "/people" for ::1 at 2015-11-18 11:15:45 +0900
Processing by PeopleController#index as HTML
  [1m[35mPerson Load (0.2ms)[0m  SELECT "people".* FROM "people"
  Rendered people/index.html.erb within layouts/application (2.0ms)
Completed 200 OK in 40ms (Views: 39.2ms | ActiveRecord: 0.2ms)


Started GET "/people/new" for ::1 at 2015-11-18 11:17:59 +0900
Processing by PeopleController#new as HTML
  Rendered people/_form.html.erb (2.7ms)
  Rendered people/new.html.erb within layouts/application (3.3ms)
Completed 200 OK in 52ms (Views: 42.8ms | ActiveRecord: 0.6ms)


Started GET "/assets/people.self-e3b0c44298fc1c149afbf4c8996fb92427ae41e4649b934ca495991b7852b855.css?body=1" for ::1 at 2015-11-18 11:17:59 +0900


Started GET "/assets/jquery.self-a714331225dda820228db323939889f149aec0127aeb06255646b616ba1ca419.js?body=1" for ::1 at 2015-11-18 11:17:59 +0900


Started GET "/assets/texts.self-e3b0c44298fc1c149afbf4c8996fb92427ae41e4649b934ca495991b7852b855.css?body=1" for ::1 at 2015-11-18 11:17:59 +0900


Started GET "/assets/jquery_ujs.self-d456baa54c1fa6be2ec3711f0a72ddf7a5b2f34a6b4f515f33767d6207b7d4b3.js?body=1" for ::1 at 2015-11-18 11:17:59 +0900


Started GET "/assets/application.self-e80e8f2318043e8af94dddc2adad5a4f09739a8ebb323b3ab31cd71d45fd9113.css?body=1" for ::1 at 2015-11-18 11:17:59 +0900


Started GET "/assets/scaffolds.self-3e0156051e0c60830396897ed146379f3fbcd6306ab22b35e814027febb1c742.css?body=1" for ::1 at 2015-11-18 11:17:59 +0900


Started GET "/assets/turbolinks.self-c37727e9bd6b2735da5c311aa83fead54ed0be6cc8bd9a65309e9c5abe2cbfff.js?body=1" for ::1 at 2015-11-18 11:17:59 +0900


Started GET "/assets/people.self-877aef30ae1b040ab8a3aba4e3e309a11d7f2612f44dde450b5c157aa5f95c05.js?body=1" for ::1 at 2015-11-18 11:17:59 +0900


Started GET "/assets/texts.self-877aef30ae1b040ab8a3aba4e3e309a11d7f2612f44dde450b5c157aa5f95c05.js?body=1" for ::1 at 2015-11-18 11:17:59 +0900


Started GET "/assets/application.self-3b8dabdc891efe46b9a144b400ad69e37d7e5876bdc39dee783419a69d7ca819.js?body=1" for ::1 at 2015-11-18 11:17:59 +0900


Started GET "/people/new" for ::1 at 2015-11-18 11:18:20 +0900
Processing by PeopleController#new as HTML
  Rendered people/_form.html.erb (98.2ms)
  Rendered people/new.html.erb within layouts/application (98.9ms)
Completed 500 Internal Server Error in 101ms (ActiveRecord: 0.0ms)

ActionView::Template::Error (undefined local variable or method `ファイル' for #<#<Class:0x007f8c12e16b30>:0x007f8c1532a5c0>):
    20:     <%= f.text_field :child %>
    21:   </div> -->
    22:   <div class="field">
    23:     <%= f.label ファイル %><br>
    24:     <%= f.file_field :file %>
    25:   </div>
    26:   <div class="actions">
  app/views/people/_form.html.erb:23:in `block in _app_views_people__form_html_erb__2919163045697858134_70119813917740'
  app/views/people/_form.html.erb:1:in `_app_views_people__form_html_erb__2919163045697858134_70119813917740'
  app/views/people/new.html.erb:3:in `_app_views_people_new_html_erb___1389110631782272505_70119791955900'


  Rendered /Users/k.kawano/.rbenv/versions/2.0.0-p576/lib/ruby/gems/2.0.0/gems/actionpack-4.2.3/lib/action_dispatch/middleware/templates/rescues/_source.erb (8.0ms)
  Rendered /Users/k.kawano/.rbenv/versions/2.0.0-p576/lib/ruby/gems/2.0.0/gems/actionpack-4.2.3/lib/action_dispatch/middleware/templates/rescues/_trace.html.erb (2.8ms)
  Rendered /Users/k.kawano/.rbenv/versions/2.0.0-p576/lib/ruby/gems/2.0.0/gems/actionpack-4.2.3/lib/action_dispatch/middleware/templates/rescues/_request_and_response.html.erb (0.8ms)
  Rendered /Users/k.kawano/.rbenv/versions/2.0.0-p576/lib/ruby/gems/2.0.0/gems/actionpack-4.2.3/lib/action_dispatch/middleware/templates/rescues/template_error.html.erb within rescues/layout (23.9ms)
  Rendered /Users/k.kawano/.rbenv/versions/2.0.0-p576/lib/ruby/gems/2.0.0/gems/web-console-2.2.1/lib/web_console/templates/_markup.html.erb (0.3ms)
  Rendered /Users/k.kawano/.rbenv/versions/2.0.0-p576/lib/ruby/gems/2.0.0/gems/web-console-2.2.1/lib/web_console/templates/_inner_console_markup.html.erb within layouts/inlined_string (0.3ms)
  Rendered /Users/k.kawano/.rbenv/versions/2.0.0-p576/lib/ruby/gems/2.0.0/gems/web-console-2.2.1/lib/web_console/templates/_prompt_box_markup.html.erb within layouts/inlined_string (0.2ms)
  Rendered /Users/k.kawano/.rbenv/versions/2.0.0-p576/lib/ruby/gems/2.0.0/gems/web-console-2.2.1/lib/web_console/templates/style.css.erb within layouts/inlined_string (0.4ms)
  Rendered /Users/k.kawano/.rbenv/versions/2.0.0-p576/lib/ruby/gems/2.0.0/gems/web-console-2.2.1/lib/web_console/templates/console.js.erb within layouts/javascript (15.3ms)
  Rendered /Users/k.kawano/.rbenv/versions/2.0.0-p576/lib/ruby/gems/2.0.0/gems/web-console-2.2.1/lib/web_console/templates/main.js.erb within layouts/javascript (0.3ms)
  Rendered /Users/k.kawano/.rbenv/versions/2.0.0-p576/lib/ruby/gems/2.0.0/gems/web-console-2.2.1/lib/web_console/templates/error_page.js.erb within layouts/javascript (0.3ms)
  Rendered /Users/k.kawano/.rbenv/versions/2.0.0-p576/lib/ruby/gems/2.0.0/gems/web-console-2.2.1/lib/web_console/templates/index.html.erb (32.6ms)


Started GET "/people/new" for ::1 at 2015-11-18 11:18:29 +0900
Processing by PeopleController#new as HTML
  Rendered people/_form.html.erb (2.7ms)
  Rendered people/new.html.erb within layouts/application (3.4ms)
Completed 200 OK in 47ms (Views: 46.5ms | ActiveRecord: 0.0ms)


Started GET "/assets/people.self-e3b0c44298fc1c149afbf4c8996fb92427ae41e4649b934ca495991b7852b855.css?body=1" for ::1 at 2015-11-18 11:18:29 +0900


Started GET "/assets/texts.self-e3b0c44298fc1c149afbf4c8996fb92427ae41e4649b934ca495991b7852b855.css?body=1" for ::1 at 2015-11-18 11:18:29 +0900


Started GET "/assets/scaffolds.self-3e0156051e0c60830396897ed146379f3fbcd6306ab22b35e814027febb1c742.css?body=1" for ::1 at 2015-11-18 11:18:29 +0900


Started GET "/assets/jquery.self-a714331225dda820228db323939889f149aec0127aeb06255646b616ba1ca419.js?body=1" for ::1 at 2015-11-18 11:18:29 +0900


Started GET "/assets/application.self-e80e8f2318043e8af94dddc2adad5a4f09739a8ebb323b3ab31cd71d45fd9113.css?body=1" for ::1 at 2015-11-18 11:18:29 +0900


Started GET "/assets/jquery_ujs.self-d456baa54c1fa6be2ec3711f0a72ddf7a5b2f34a6b4f515f33767d6207b7d4b3.js?body=1" for ::1 at 2015-11-18 11:18:29 +0900


Started GET "/assets/turbolinks.self-c37727e9bd6b2735da5c311aa83fead54ed0be6cc8bd9a65309e9c5abe2cbfff.js?body=1" for ::1 at 2015-11-18 11:18:29 +0900


Started GET "/assets/people.self-877aef30ae1b040ab8a3aba4e3e309a11d7f2612f44dde450b5c157aa5f95c05.js?body=1" for ::1 at 2015-11-18 11:18:29 +0900


Started GET "/assets/texts.self-877aef30ae1b040ab8a3aba4e3e309a11d7f2612f44dde450b5c157aa5f95c05.js?body=1" for ::1 at 2015-11-18 11:18:29 +0900


Started GET "/assets/application.self-3b8dabdc891efe46b9a144b400ad69e37d7e5876bdc39dee783419a69d7ca819.js?body=1" for ::1 at 2015-11-18 11:18:29 +0900


Started POST "/people" for ::1 at 2015-11-18 11:19:04 +0900
Processing by PeopleController#create as HTML
  Parameters: {"utf8"=>"✓", "authenticity_token"=>"fIGxBExaVJXyJOJmTKoZqfEIszIc9vuLBabrojiJYnIpSfZDyH0h8ITkeHZ3WSlMx9OftJrCIRTjAVE1txiDJw==", "person"=>{"file"=>#<ActionDispatch::Http::UploadedFile:0x007f8c0d82a078 @tempfile=#<Tempfile:/var/folders/fj/f593htpj66xbjzqgmjltgrnc0000gr/T/RackMultipart20151118-24733-1e1i5hs.txt>, @original_filename="ファイルイメージデータ.txt", @content_type="text/plain", @headers="Content-Disposition: form-data; name=\"person[file]\"; filename=\"\xE3\x83\x95\xE3\x82\xA1\xE3\x82\xA4\xE3\x83\xAB\xE3\x82\xA4\xE3\x83\xA1\xE3\x83\xBC\xE3\x82\xB8\xE3\x83\x87\xE3\x83\xBC\xE3\x82\xBF.txt\"\r\nContent-Type: text/plain\r\n">}, "commit"=>"Create Person"}
Unpermitted parameter: file
  [1m[36m (0.2ms)[0m  [1mbegin transaction[0m
  [1m[35mSQL (0.4ms)[0m  INSERT INTO "people" ("created_at", "updated_at") VALUES (?, ?)  [["created_at", "2015-11-18 02:20:29.923502"], ["updated_at", "2015-11-18 02:20:29.923502"]]
  [1m[36m (53.7ms)[0m  [1mcommit transaction[0m
Redirected to http://localhost:3000/people/2
Completed 302 Found in 85344ms (ActiveRecord: 54.2ms)


Started GET "/people/2" for ::1 at 2015-11-18 11:20:29 +0900
Processing by PeopleController#show as HTML
  Parameters: {"id"=>"2"}
  [1m[35mPerson Load (0.1ms)[0m  SELECT  "people".* FROM "people" WHERE "people"."id" = ? LIMIT 1  [["id", 2]]
  Rendered people/show.html.erb within layouts/application (0.5ms)
Completed 200 OK in 53ms (Views: 41.4ms | ActiveRecord: 0.7ms)


Started GET "/people/2" for ::1 at 2015-11-18 11:20:32 +0900
Processing by PeopleController#show as HTML
  Parameters: {"id"=>"2"}
  [1m[36mPerson Load (0.1ms)[0m  [1mSELECT  "people".* FROM "people" WHERE "people"."id" = ? LIMIT 1[0m  [["id", 2]]
  Rendered people/show.html.erb within layouts/application (0.3ms)
Completed 200 OK in 38ms (Views: 36.3ms | ActiveRecord: 0.1ms)


Started GET "/assets/people.self-e3b0c44298fc1c149afbf4c8996fb92427ae41e4649b934ca495991b7852b855.css?body=1" for ::1 at 2015-11-18 11:20:32 +0900


Started GET "/assets/application.self-e80e8f2318043e8af94dddc2adad5a4f09739a8ebb323b3ab31cd71d45fd9113.css?body=1" for ::1 at 2015-11-18 11:20:32 +0900


Started GET "/assets/scaffolds.self-3e0156051e0c60830396897ed146379f3fbcd6306ab22b35e814027febb1c742.css?body=1" for ::1 at 2015-11-18 11:20:32 +0900


Started GET "/assets/texts.self-e3b0c44298fc1c149afbf4c8996fb92427ae41e4649b934ca495991b7852b855.css?body=1" for ::1 at 2015-11-18 11:20:32 +0900


Started GET "/assets/jquery.self-a714331225dda820228db323939889f149aec0127aeb06255646b616ba1ca419.js?body=1" for ::1 at 2015-11-18 11:20:32 +0900


Started GET "/assets/jquery_ujs.self-d456baa54c1fa6be2ec3711f0a72ddf7a5b2f34a6b4f515f33767d6207b7d4b3.js?body=1" for ::1 at 2015-11-18 11:20:32 +0900


Started GET "/assets/turbolinks.self-c37727e9bd6b2735da5c311aa83fead54ed0be6cc8bd9a65309e9c5abe2cbfff.js?body=1" for ::1 at 2015-11-18 11:20:32 +0900


Started GET "/assets/texts.self-877aef30ae1b040ab8a3aba4e3e309a11d7f2612f44dde450b5c157aa5f95c05.js?body=1" for ::1 at 2015-11-18 11:20:32 +0900


Started GET "/assets/people.self-877aef30ae1b040ab8a3aba4e3e309a11d7f2612f44dde450b5c157aa5f95c05.js?body=1" for ::1 at 2015-11-18 11:20:32 +0900


Started GET "/assets/application.self-3b8dabdc891efe46b9a144b400ad69e37d7e5876bdc39dee783419a69d7ca819.js?body=1" for ::1 at 2015-11-18 11:20:32 +0900


Started GET "/people/2" for ::1 at 2015-11-18 11:20:33 +0900
Processing by PeopleController#show as HTML
  Parameters: {"id"=>"2"}
  [1m[35mPerson Load (0.1ms)[0m  SELECT  "people".* FROM "people" WHERE "people"."id" = ? LIMIT 1  [["id", 2]]
  Rendered people/show.html.erb within layouts/application (0.3ms)
Completed 200 OK in 36ms (Views: 35.4ms | ActiveRecord: 0.1ms)


Started GET "/assets/scaffolds.self-3e0156051e0c60830396897ed146379f3fbcd6306ab22b35e814027febb1c742.css?body=1" for ::1 at 2015-11-18 11:20:33 +0900


Started GET "/assets/texts.self-e3b0c44298fc1c149afbf4c8996fb92427ae41e4649b934ca495991b7852b855.css?body=1" for ::1 at 2015-11-18 11:20:33 +0900


Started GET "/assets/jquery.self-a714331225dda820228db323939889f149aec0127aeb06255646b616ba1ca419.js?body=1" for ::1 at 2015-11-18 11:20:33 +0900


Started GET "/assets/people.self-e3b0c44298fc1c149afbf4c8996fb92427ae41e4649b934ca495991b7852b855.css?body=1" for ::1 at 2015-11-18 11:20:33 +0900


Started GET "/assets/jquery_ujs.self-d456baa54c1fa6be2ec3711f0a72ddf7a5b2f34a6b4f515f33767d6207b7d4b3.js?body=1" for ::1 at 2015-11-18 11:20:33 +0900


Started GET "/assets/application.self-e80e8f2318043e8af94dddc2adad5a4f09739a8ebb323b3ab31cd71d45fd9113.css?body=1" for ::1 at 2015-11-18 11:20:33 +0900


Started GET "/assets/turbolinks.self-c37727e9bd6b2735da5c311aa83fead54ed0be6cc8bd9a65309e9c5abe2cbfff.js?body=1" for ::1 at 2015-11-18 11:20:33 +0900


Started GET "/assets/people.self-877aef30ae1b040ab8a3aba4e3e309a11d7f2612f44dde450b5c157aa5f95c05.js?body=1" for ::1 at 2015-11-18 11:20:33 +0900


Started GET "/assets/texts.self-877aef30ae1b040ab8a3aba4e3e309a11d7f2612f44dde450b5c157aa5f95c05.js?body=1" for ::1 at 2015-11-18 11:20:33 +0900


Started GET "/assets/application.self-3b8dabdc891efe46b9a144b400ad69e37d7e5876bdc39dee783419a69d7ca819.js?body=1" for ::1 at 2015-11-18 11:20:33 +0900


Started GET "/people/2/edit" for ::1 at 2015-11-18 11:20:35 +0900
Processing by PeopleController#edit as HTML
  Parameters: {"id"=>"2"}
  [1m[36mPerson Load (0.1ms)[0m  [1mSELECT  "people".* FROM "people" WHERE "people"."id" = ? LIMIT 1[0m  [["id", 2]]
  Rendered people/_form.html.erb (3.2ms)
  Rendered people/edit.html.erb within layouts/application (4.8ms)
Completed 200 OK in 46ms (Views: 45.2ms | ActiveRecord: 0.1ms)


Started PATCH "/people/2" for ::1 at 2015-11-18 11:20:45 +0900
Processing by PeopleController#update as HTML
  Parameters: {"utf8"=>"✓", "authenticity_token"=>"s4ibeVZ5gRKguVfwmAYBDzu9QRf0K9jTAvlIHNQCPEvmQNw+0l70d9Z5zeCj9THqDWZtkXIfAkzkXvKLW5PdHg==", "person"=>{"file"=>#<ActionDispatch::Http::UploadedFile:0x007f8c10689720 @tempfile=#<Tempfile:/var/folders/fj/f593htpj66xbjzqgmjltgrnc0000gr/T/RackMultipart20151118-24733-bjs0f5.txt>, @original_filename="ファイルイメージデータ.txt", @content_type="text/plain", @headers="Content-Disposition: form-data; name=\"person[file]\"; filename=\"\xE3\x83\x95\xE3\x82\xA1\xE3\x82\xA4\xE3\x83\xAB\xE3\x82\xA4\xE3\x83\xA1\xE3\x83\xBC\xE3\x82\xB8\xE3\x83\x87\xE3\x83\xBC\xE3\x82\xBF.txt\"\r\nContent-Type: text/plain\r\n">}, "commit"=>"Update Person", "id"=>"2"}
  [1m[35mPerson Load (0.1ms)[0m  SELECT  "people".* FROM "people" WHERE "people"."id" = ? LIMIT 1  [["id", 2]]
  [1m[36m (0.1ms)[0m  [1mbegin transaction[0m
  [1m[35m (0.0ms)[0m  rollback transaction
Completed 500 Internal Server Error in 3ms (ActiveRecord: 0.2ms)

NoMethodError (undefined method `file_will_change!' for #<Person:0x007f8c1587b3d0>):
  app/controllers/people_controller.rb:45:in `block in update'
  app/controllers/people_controller.rb:44:in `update'


  Rendered /Users/k.kawano/.rbenv/versions/2.0.0-p576/lib/ruby/gems/2.0.0/gems/actionpack-4.2.3/lib/action_dispatch/middleware/templates/rescues/_source.erb (6.3ms)
  Rendered /Users/k.kawano/.rbenv/versions/2.0.0-p576/lib/ruby/gems/2.0.0/gems/actionpack-4.2.3/lib/action_dispatch/middleware/templates/rescues/_trace.html.erb (2.3ms)
  Rendered /Users/k.kawano/.rbenv/versions/2.0.0-p576/lib/ruby/gems/2.0.0/gems/actionpack-4.2.3/lib/action_dispatch/middleware/templates/rescues/_request_and_response.html.erb (0.9ms)
  Rendered /Users/k.kawano/.rbenv/versions/2.0.0-p576/lib/ruby/gems/2.0.0/gems/actionpack-4.2.3/lib/action_dispatch/middleware/templates/rescues/diagnostics.html.erb within rescues/layout (22.0ms)
Cannot render console with content type multipart/form-dataAllowed content types: [#<Mime::Type:0x007f8c0b1fabc8 @synonyms=["application/xhtml+xml"], @symbol=:html, @string="text/html">, #<Mime::Type:0x007f8c0b1fa7b8 @synonyms=[], @symbol=:text, @string="text/plain">, #<Mime::Type:0x007f8c0b20bd10 @synonyms=[], @symbol=:url_encoded_form, @string="application/x-www-form-urlencoded">]


Started PATCH "/people/2" for ::1 at 2015-11-18 11:21:00 +0900
Processing by PeopleController#update as HTML
  Parameters: {"utf8"=>"✓", "authenticity_token"=>"s4ibeVZ5gRKguVfwmAYBDzu9QRf0K9jTAvlIHNQCPEvmQNw+0l70d9Z5zeCj9THqDWZtkXIfAkzkXvKLW5PdHg==", "person"=>{"file"=>#<ActionDispatch::Http::UploadedFile:0x007f8c11f37b00 @tempfile=#<Tempfile:/var/folders/fj/f593htpj66xbjzqgmjltgrnc0000gr/T/RackMultipart20151118-24733-33pj49.txt>, @original_filename="ファイルイメージデータ.txt", @content_type="text/plain", @headers="Content-Disposition: form-data; name=\"person[file]\"; filename=\"\xE3\x83\x95\xE3\x82\xA1\xE3\x82\xA4\xE3\x83\xAB\xE3\x82\xA4\xE3\x83\xA1\xE3\x83\xBC\xE3\x82\xB8\xE3\x83\x87\xE3\x83\xBC\xE3\x82\xBF.txt\"\r\nContent-Type: text/plain\r\n">}, "commit"=>"Update Person", "id"=>"2"}
  [1m[36mPerson Load (0.2ms)[0m  [1mSELECT  "people".* FROM "people" WHERE "people"."id" = ? LIMIT 1[0m  [["id", 2]]
Unpermitted parameter: file
  [1m[35m (0.1ms)[0m  begin transaction
  [1m[36m (0.0ms)[0m  [1mrollback transaction[0m
Completed 500 Internal Server Error in 13ms (ActiveRecord: 0.9ms)

NoMethodError (undefined method `file_changed?' for #<Person:0x007f8c11f93220>):
  app/controllers/people_controller.rb:45:in `block in update'
  app/controllers/people_controller.rb:44:in `update'


  Rendered /Users/k.kawano/.rbenv/versions/2.0.0-p576/lib/ruby/gems/2.0.0/gems/actionpack-4.2.3/lib/action_dispatch/middleware/templates/rescues/_source.erb (7.6ms)
  Rendered /Users/k.kawano/.rbenv/versions/2.0.0-p576/lib/ruby/gems/2.0.0/gems/actionpack-4.2.3/lib/action_dispatch/middleware/templates/rescues/_trace.html.erb (90.7ms)
  Rendered /Users/k.kawano/.rbenv/versions/2.0.0-p576/lib/ruby/gems/2.0.0/gems/actionpack-4.2.3/lib/action_dispatch/middleware/templates/rescues/_request_and_response.html.erb (1.1ms)
  Rendered /Users/k.kawano/.rbenv/versions/2.0.0-p576/lib/ruby/gems/2.0.0/gems/actionpack-4.2.3/lib/action_dispatch/middleware/templates/rescues/diagnostics.html.erb within rescues/layout (112.5ms)
Cannot render console with content type multipart/form-dataAllowed content types: [#<Mime::Type:0x007f8c0b1fabc8 @synonyms=["application/xhtml+xml"], @symbol=:html, @string="text/html">, #<Mime::Type:0x007f8c0b1fa7b8 @synonyms=[], @symbol=:text, @string="text/plain">, #<Mime::Type:0x007f8c0b20bd10 @synonyms=[], @symbol=:url_encoded_form, @string="application/x-www-form-urlencoded">]


Started PATCH "/people/2" for ::1 at 2015-11-18 11:21:05 +0900
Processing by PeopleController#update as HTML
  Parameters: {"utf8"=>"✓", "authenticity_token"=>"fRftE/1oNVfNRg6eNGTgp1hp2xxl7WZertRUkA/9onQo36pUeU9AMruGlI4Pl9BCbrL3muPZvMFIc+4HgGxDIQ==", "person"=>{"file"=>#<ActionDispatch::Http::UploadedFile:0x007f8c11a10578 @tempfile=#<Tempfile:/var/folders/fj/f593htpj66xbjzqgmjltgrnc0000gr/T/RackMultipart20151118-24733-1ryhvki.txt>, @original_filename="ファイルイメージデータ.txt", @content_type="text/plain", @headers="Content-Disposition: form-data; name=\"person[file]\"; filename=\"\xE3\x83\x95\xE3\x82\xA1\xE3\x82\xA4\xE3\x83\xAB\xE3\x82\xA4\xE3\x83\xA1\xE3\x83\xBC\xE3\x82\xB8\xE3\x83\x87\xE3\x83\xBC\xE3\x82\xBF.txt\"\r\nContent-Type: text/plain\r\n">}, "commit"=>"Update Person", "id"=>"2"}
  [1m[35mPerson Load (0.1ms)[0m  SELECT  "people".* FROM "people" WHERE "people"."id" = ? LIMIT 1  [["id", 2]]
Unpermitted parameter: file
  [1m[36m (0.1ms)[0m  [1mbegin transaction[0m
  [1m[35m (0.0ms)[0m  rollback transaction
Completed 500 Internal Server Error in 3ms (ActiveRecord: 0.2ms)

NoMethodError (undefined method `file_changed?' for #<Person:0x007f8c11a52e78>):
  app/controllers/people_controller.rb:45:in `block in update'
  app/controllers/people_controller.rb:44:in `update'


  Rendered /Users/k.kawano/.rbenv/versions/2.0.0-p576/lib/ruby/gems/2.0.0/gems/actionpack-4.2.3/lib/action_dispatch/middleware/templates/rescues/_source.erb (12.7ms)
  Rendered /Users/k.kawano/.rbenv/versions/2.0.0-p576/lib/ruby/gems/2.0.0/gems/actionpack-4.2.3/lib/action_dispatch/middleware/templates/rescues/_trace.html.erb (3.0ms)
  Rendered /Users/k.kawano/.rbenv/versions/2.0.0-p576/lib/ruby/gems/2.0.0/gems/actionpack-4.2.3/lib/action_dispatch/middleware/templates/rescues/_request_and_response.html.erb (1.0ms)
  Rendered /Users/k.kawano/.rbenv/versions/2.0.0-p576/lib/ruby/gems/2.0.0/gems/actionpack-4.2.3/lib/action_dispatch/middleware/templates/rescues/diagnostics.html.erb within rescues/layout (30.3ms)
Cannot render console with content type multipart/form-dataAllowed content types: [#<Mime::Type:0x007f8c0b1fabc8 @synonyms=["application/xhtml+xml"], @symbol=:html, @string="text/html">, #<Mime::Type:0x007f8c0b1fa7b8 @synonyms=[], @symbol=:text, @string="text/plain">, #<Mime::Type:0x007f8c0b20bd10 @synonyms=[], @symbol=:url_encoded_form, @string="application/x-www-form-urlencoded">]


Started GET "/people/2" for ::1 at 2015-11-18 11:28:00 +0900
Processing by PeopleController#show as HTML
  Parameters: {"id"=>"2"}
  [1m[36mPerson Load (0.1ms)[0m  [1mSELECT  "people".* FROM "people" WHERE "people"."id" = ? LIMIT 1[0m  [["id", 2]]
  Rendered people/show.html.erb within layouts/application (0.8ms)
Completed 200 OK in 42ms (Views: 32.5ms | ActiveRecord: 0.7ms)


Started POST "/people" for ::1 at 2015-11-18 11:28:11 +0900
Processing by PeopleController#create as HTML
  Parameters: {"utf8"=>"✓", "authenticity_token"=>"fIGxBExaVJXyJOJmTKoZqfEIszIc9vuLBabrojiJYnIpSfZDyH0h8ITkeHZ3WSlMx9OftJrCIRTjAVE1txiDJw==", "person"=>{"file"=>#<ActionDispatch::Http::UploadedFile:0x007f8c15828400 @tempfile=#<Tempfile:/var/folders/fj/f593htpj66xbjzqgmjltgrnc0000gr/T/RackMultipart20151118-24733-zxkmro.txt>, @original_filename="ファイルイメージデータ.txt", @content_type="text/plain", @headers="Content-Disposition: form-data; name=\"person[file]\"; filename=\"\xE3\x83\x95\xE3\x82\xA1\xE3\x82\xA4\xE3\x83\xAB\xE3\x82\xA4\xE3\x83\xA1\xE3\x83\xBC\xE3\x82\xB8\xE3\x83\x87\xE3\x83\xBC\xE3\x82\xBF.txt\"\r\nContent-Type: text/plain\r\n">}, "commit"=>"Create Person"}
Completed 500 Internal Server Error in 4455ms (ActiveRecord: 0.0ms)

NoMethodError (undefined method `file_will_change!' for #<Person:0x007f8c11ac1e40>):
  app/controllers/people_controller.rb:28:in `create'


  Rendered /Users/k.kawano/.rbenv/versions/2.0.0-p576/lib/ruby/gems/2.0.0/gems/actionpack-4.2.3/lib/action_dispatch/middleware/templates/rescues/_source.erb (5.7ms)
  Rendered /Users/k.kawano/.rbenv/versions/2.0.0-p576/lib/ruby/gems/2.0.0/gems/actionpack-4.2.3/lib/action_dispatch/middleware/templates/rescues/_trace.html.erb (2.2ms)
  Rendered /Users/k.kawano/.rbenv/versions/2.0.0-p576/lib/ruby/gems/2.0.0/gems/actionpack-4.2.3/lib/action_dispatch/middleware/templates/rescues/_request_and_response.html.erb (0.9ms)
  Rendered /Users/k.kawano/.rbenv/versions/2.0.0-p576/lib/ruby/gems/2.0.0/gems/actionpack-4.2.3/lib/action_dispatch/middleware/templates/rescues/diagnostics.html.erb within rescues/layout (21.4ms)
Cannot render console with content type multipart/form-dataAllowed content types: [#<Mime::Type:0x007f8c0b1fabc8 @synonyms=["application/xhtml+xml"], @symbol=:html, @string="text/html">, #<Mime::Type:0x007f8c0b1fa7b8 @synonyms=[], @symbol=:text, @string="text/plain">, #<Mime::Type:0x007f8c0b20bd10 @synonyms=[], @symbol=:url_encoded_form, @string="application/x-www-form-urlencoded">]


Started GET "/people/new" for ::1 at 2015-11-18 11:28:43 +0900
Processing by PeopleController#new as HTML
  Rendered people/_form.html.erb (2.1ms)
  Rendered people/new.html.erb within layouts/application (2.8ms)
Completed 200 OK in 53ms (Views: 44.2ms | ActiveRecord: 0.6ms)


Started GET "/assets/scaffolds.self-3e0156051e0c60830396897ed146379f3fbcd6306ab22b35e814027febb1c742.css?body=1" for ::1 at 2015-11-18 11:28:43 +0900


Started GET "/assets/jquery.self-a714331225dda820228db323939889f149aec0127aeb06255646b616ba1ca419.js?body=1" for ::1 at 2015-11-18 11:28:43 +0900


Started GET "/assets/application.self-e80e8f2318043e8af94dddc2adad5a4f09739a8ebb323b3ab31cd71d45fd9113.css?body=1" for ::1 at 2015-11-18 11:28:43 +0900


Started GET "/assets/texts.self-e3b0c44298fc1c149afbf4c8996fb92427ae41e4649b934ca495991b7852b855.css?body=1" for ::1 at 2015-11-18 11:28:43 +0900


Started GET "/assets/jquery_ujs.self-d456baa54c1fa6be2ec3711f0a72ddf7a5b2f34a6b4f515f33767d6207b7d4b3.js?body=1" for ::1 at 2015-11-18 11:28:43 +0900


Started GET "/assets/people.self-e3b0c44298fc1c149afbf4c8996fb92427ae41e4649b934ca495991b7852b855.css?body=1" for ::1 at 2015-11-18 11:28:43 +0900


Started GET "/assets/turbolinks.self-c37727e9bd6b2735da5c311aa83fead54ed0be6cc8bd9a65309e9c5abe2cbfff.js?body=1" for ::1 at 2015-11-18 11:28:43 +0900


Started GET "/assets/people.self-877aef30ae1b040ab8a3aba4e3e309a11d7f2612f44dde450b5c157aa5f95c05.js?body=1" for ::1 at 2015-11-18 11:28:43 +0900


Started GET "/assets/texts.self-877aef30ae1b040ab8a3aba4e3e309a11d7f2612f44dde450b5c157aa5f95c05.js?body=1" for ::1 at 2015-11-18 11:28:43 +0900


Started GET "/assets/application.self-3b8dabdc891efe46b9a144b400ad69e37d7e5876bdc39dee783419a69d7ca819.js?body=1" for ::1 at 2015-11-18 11:28:43 +0900


Started GET "/people/new" for ::1 at 2015-11-18 11:28:44 +0900
Processing by PeopleController#new as HTML
  Rendered people/_form.html.erb (1.6ms)
  Rendered people/new.html.erb within layouts/application (2.3ms)
Completed 200 OK in 36ms (Views: 34.9ms | ActiveRecord: 0.0ms)


Started GET "/assets/scaffolds.self-3e0156051e0c60830396897ed146379f3fbcd6306ab22b35e814027febb1c742.css?body=1" for ::1 at 2015-11-18 11:28:44 +0900


Started GET "/assets/application.self-e80e8f2318043e8af94dddc2adad5a4f09739a8ebb323b3ab31cd71d45fd9113.css?body=1" for ::1 at 2015-11-18 11:28:44 +0900


Started GET "/assets/people.self-e3b0c44298fc1c149afbf4c8996fb92427ae41e4649b934ca495991b7852b855.css?body=1" for ::1 at 2015-11-18 11:28:44 +0900


Started GET "/assets/jquery_ujs.self-d456baa54c1fa6be2ec3711f0a72ddf7a5b2f34a6b4f515f33767d6207b7d4b3.js?body=1" for ::1 at 2015-11-18 11:28:44 +0900


Started GET "/assets/jquery.self-a714331225dda820228db323939889f149aec0127aeb06255646b616ba1ca419.js?body=1" for ::1 at 2015-11-18 11:28:44 +0900


Started GET "/assets/texts.self-e3b0c44298fc1c149afbf4c8996fb92427ae41e4649b934ca495991b7852b855.css?body=1" for ::1 at 2015-11-18 11:28:44 +0900


Started GET "/assets/turbolinks.self-c37727e9bd6b2735da5c311aa83fead54ed0be6cc8bd9a65309e9c5abe2cbfff.js?body=1" for ::1 at 2015-11-18 11:28:44 +0900


Started GET "/assets/people.self-877aef30ae1b040ab8a3aba4e3e309a11d7f2612f44dde450b5c157aa5f95c05.js?body=1" for ::1 at 2015-11-18 11:28:44 +0900


Started GET "/assets/texts.self-877aef30ae1b040ab8a3aba4e3e309a11d7f2612f44dde450b5c157aa5f95c05.js?body=1" for ::1 at 2015-11-18 11:28:44 +0900


Started GET "/assets/application.self-3b8dabdc891efe46b9a144b400ad69e37d7e5876bdc39dee783419a69d7ca819.js?body=1" for ::1 at 2015-11-18 11:28:44 +0900


Started POST "/people" for ::1 at 2015-11-18 11:28:50 +0900
Processing by PeopleController#create as HTML
  Parameters: {"utf8"=>"✓", "authenticity_token"=>"h8Y5u8LiufixpFhs9aL7+s8dQJF5uW1RqZt9uN/szTfSDn78RsXMncdkwnzOUcsf+cZsF/+Nt85PPMcvUH0sYg==", "person"=>{"file"=>#<ActionDispatch::Http::UploadedFile:0x007f8c15345de8 @tempfile=#<Tempfile:/var/folders/fj/f593htpj66xbjzqgmjltgrnc0000gr/T/RackMultipart20151118-24733-1s5rhlq.txt>, @original_filename="ファイルイメージデータ.txt", @content_type="text/plain", @headers="Content-Disposition: form-data; name=\"person[file]\"; filename=\"\xE3\x83\x95\xE3\x82\xA1\xE3\x82\xA4\xE3\x83\xAB\xE3\x82\xA4\xE3\x83\xA1\xE3\x83\xBC\xE3\x82\xB8\xE3\x83\x87\xE3\x83\xBC\xE3\x82\xBF.txt\"\r\nContent-Type: text/plain\r\n">}, "commit"=>"Create Person"}
Completed 500 Internal Server Error in 2ms (ActiveRecord: 0.0ms)

ActionView::MissingTemplate (Missing template people/create, application/create with {:locale=>[:en], :formats=>[:html], :variants=>[], :handlers=>[:erb, :builder, :raw, :ruby, :coffee, :jbuilder]}. Searched in:
  * "/Users/k.kawano/WorkSpace/Rails/contest/contest/app/views"
):
  actionview (4.2.3) lib/action_view/path_set.rb:46:in `find'
  actionview (4.2.3) lib/action_view/lookup_context.rb:121:in `find'
  actionview (4.2.3) lib/action_view/renderer/abstract_renderer.rb:18:in `find_template'
  actionview (4.2.3) lib/action_view/renderer/template_renderer.rb:40:in `determine_template'
  actionview (4.2.3) lib/action_view/renderer/template_renderer.rb:8:in `render'
  actionview (4.2.3) lib/action_view/renderer/renderer.rb:42:in `render_template'
  actionview (4.2.3) lib/action_view/renderer/renderer.rb:23:in `render'
  actionview (4.2.3) lib/action_view/rendering.rb:100:in `_render_template'
  actionpack (4.2.3) lib/action_controller/metal/streaming.rb:217:in `_render_template'
  actionview (4.2.3) lib/action_view/rendering.rb:83:in `render_to_body'
  actionpack (4.2.3) lib/action_controller/metal/rendering.rb:32:in `render_to_body'
  actionpack (4.2.3) lib/action_controller/metal/renderers.rb:37:in `render_to_body'
  actionpack (4.2.3) lib/abstract_controller/rendering.rb:25:in `render'
  actionpack (4.2.3) lib/action_controller/metal/rendering.rb:16:in `render'
  actionpack (4.2.3) lib/action_controller/metal/instrumentation.rb:44:in `block (2 levels) in render'
  activesupport (4.2.3) lib/active_support/core_ext/benchmark.rb:12:in `block in ms'
  /Users/k.kawano/.rbenv/versions/2.0.0-p576/lib/ruby/2.0.0/benchmark.rb:296:in `realtime'
  activesupport (4.2.3) lib/active_support/core_ext/benchmark.rb:12:in `ms'
  actionpack (4.2.3) lib/action_controller/metal/instrumentation.rb:44:in `block in render'
  actionpack (4.2.3) lib/action_controller/metal/instrumentation.rb:87:in `cleanup_view_runtime'
  activerecord (4.2.3) lib/active_record/railties/controller_runtime.rb:25:in `cleanup_view_runtime'
  actionpack (4.2.3) lib/action_controller/metal/instrumentation.rb:43:in `render'
  actionpack (4.2.3) lib/action_controller/metal/implicit_render.rb:10:in `default_render'
  actionpack (4.2.3) lib/action_controller/metal/implicit_render.rb:5:in `send_action'
  actionpack (4.2.3) lib/abstract_controller/base.rb:198:in `process_action'
  actionpack (4.2.3) lib/action_controller/metal/rendering.rb:10:in `process_action'
  actionpack (4.2.3) lib/abstract_controller/callbacks.rb:20:in `block in process_action'
  activesupport (4.2.3) lib/active_support/callbacks.rb:115:in `call'
  activesupport (4.2.3) lib/active_support/callbacks.rb:115:in `call'
  activesupport (4.2.3) lib/active_support/callbacks.rb:553:in `block (2 levels) in compile'
  activesupport (4.2.3) lib/active_support/callbacks.rb:503:in `call'
  activesupport (4.2.3) lib/active_support/callbacks.rb:503:in `call'
  activesupport (4.2.3) lib/active_support/callbacks.rb:88:in `run_callbacks'
  actionpack (4.2.3) lib/abstract_controller/callbacks.rb:19:in `process_action'
  actionpack (4.2.3) lib/action_controller/metal/rescue.rb:29:in `process_action'
  actionpack (4.2.3) lib/action_controller/metal/instrumentation.rb:32:in `block in process_action'
  activesupport (4.2.3) lib/active_support/notifications.rb:164:in `block in instrument'
  activesupport (4.2.3) lib/active_support/notifications/instrumenter.rb:20:in `instrument'
  activesupport (4.2.3) lib/active_support/notifications.rb:164:in `instrument'
  actionpack (4.2.3) lib/action_controller/metal/instrumentation.rb:30:in `process_action'
  actionpack (4.2.3) lib/action_controller/metal/params_wrapper.rb:250:in `process_action'
  activerecord (4.2.3) lib/active_record/railties/controller_runtime.rb:18:in `process_action'
  actionpack (4.2.3) lib/abstract_controller/base.rb:137:in `process'
  actionview (4.2.3) lib/action_view/rendering.rb:30:in `process'
  actionpack (4.2.3) lib/action_controller/metal.rb:196:in `dispatch'
  actionpack (4.2.3) lib/action_controller/metal/rack_delegation.rb:13:in `dispatch'
  actionpack (4.2.3) lib/action_controller/metal.rb:237:in `block in action'
  actionpack (4.2.3) lib/action_dispatch/routing/route_set.rb:76:in `call'
  actionpack (4.2.3) lib/action_dispatch/routing/route_set.rb:76:in `dispatch'
  actionpack (4.2.3) lib/action_dispatch/routing/route_set.rb:45:in `serve'
  actionpack (4.2.3) lib/action_dispatch/journey/router.rb:43:in `block in serve'
  actionpack (4.2.3) lib/action_dispatch/journey/router.rb:30:in `each'
  actionpack (4.2.3) lib/action_dispatch/journey/router.rb:30:in `serve'
  actionpack (4.2.3) lib/action_dispatch/routing/route_set.rb:821:in `call'
  rack (1.6.4) lib/rack/etag.rb:24:in `call'
  rack (1.6.4) lib/rack/conditionalget.rb:38:in `call'
  rack (1.6.4) lib/rack/head.rb:13:in `call'
  actionpack (4.2.3) lib/action_dispatch/middleware/params_parser.rb:27:in `call'
  actionpack (4.2.3) lib/action_dispatch/middleware/flash.rb:260:in `call'
  rack (1.6.4) lib/rack/session/abstract/id.rb:225:in `context'
  rack (1.6.4) lib/rack/session/abstract/id.rb:220:in `call'
  actionpack (4.2.3) lib/action_dispatch/middleware/cookies.rb:560:in `call'
  activerecord (4.2.3) lib/active_record/query_cache.rb:36:in `call'
  activerecord (4.2.3) lib/active_record/connection_adapters/abstract/connection_pool.rb:653:in `call'
  activerecord (4.2.3) lib/active_record/migration.rb:377:in `call'
  actionpack (4.2.3) lib/action_dispatch/middleware/callbacks.rb:29:in `block in call'
  activesupport (4.2.3) lib/active_support/callbacks.rb:84:in `run_callbacks'
  actionpack (4.2.3) lib/action_dispatch/middleware/callbacks.rb:27:in `call'
  actionpack (4.2.3) lib/action_dispatch/middleware/reloader.rb:73:in `call'
  actionpack (4.2.3) lib/action_dispatch/middleware/remote_ip.rb:78:in `call'
  actionpack (4.2.3) lib/action_dispatch/middleware/debug_exceptions.rb:17:in `call'
  web-console (2.2.1) lib/web_console/middleware.rb:39:in `call'
  actionpack (4.2.3) lib/action_dispatch/middleware/show_exceptions.rb:30:in `call'
  railties (4.2.3) lib/rails/rack/logger.rb:38:in `call_app'
  railties (4.2.3) lib/rails/rack/logger.rb:20:in `block in call'
  activesupport (4.2.3) lib/active_support/tagged_logging.rb:68:in `block in tagged'
  activesupport (4.2.3) lib/active_support/tagged_logging.rb:26:in `tagged'
  activesupport (4.2.3) lib/active_support/tagged_logging.rb:68:in `tagged'
  railties (4.2.3) lib/rails/rack/logger.rb:20:in `call'
  actionpack (4.2.3) lib/action_dispatch/middleware/request_id.rb:21:in `call'
  rack (1.6.4) lib/rack/methodoverride.rb:22:in `call'
  rack (1.6.4) lib/rack/runtime.rb:18:in `call'
  activesupport (4.2.3) lib/active_support/cache/strategy/local_cache_middleware.rb:28:in `call'
  rack (1.6.4) lib/rack/lock.rb:17:in `call'
  actionpack (4.2.3) lib/action_dispatch/middleware/static.rb:116:in `call'
  rack (1.6.4) lib/rack/sendfile.rb:113:in `call'
  railties (4.2.3) lib/rails/engine.rb:518:in `call'
  railties (4.2.3) lib/rails/application.rb:165:in `call'
  rack (1.6.4) lib/rack/lock.rb:17:in `call'
  rack (1.6.4) lib/rack/content_length.rb:15:in `call'
  rack (1.6.4) lib/rack/handler/webrick.rb:88:in `service'
  /Users/k.kawano/.rbenv/versions/2.0.0-p576/lib/ruby/2.0.0/webrick/httpserver.rb:138:in `service'
  /Users/k.kawano/.rbenv/versions/2.0.0-p576/lib/ruby/2.0.0/webrick/httpserver.rb:94:in `run'
  /Users/k.kawano/.rbenv/versions/2.0.0-p576/lib/ruby/2.0.0/webrick/server.rb:295:in `block in start_thread'


  Rendered /Users/k.kawano/.rbenv/versions/2.0.0-p576/lib/ruby/gems/2.0.0/gems/actionpack-4.2.3/lib/action_dispatch/middleware/templates/rescues/_source.erb (7.8ms)
  Rendered /Users/k.kawano/.rbenv/versions/2.0.0-p576/lib/ruby/gems/2.0.0/gems/actionpack-4.2.3/lib/action_dispatch/middleware/templates/rescues/_trace.html.erb (3.7ms)
  Rendered /Users/k.kawano/.rbenv/versions/2.0.0-p576/lib/ruby/gems/2.0.0/gems/actionpack-4.2.3/lib/action_dispatch/middleware/templates/rescues/_request_and_response.html.erb (1.0ms)
  Rendered /Users/k.kawano/.rbenv/versions/2.0.0-p576/lib/ruby/gems/2.0.0/gems/actionpack-4.2.3/lib/action_dispatch/middleware/templates/rescues/missing_template.html.erb within rescues/layout (32.5ms)
Cannot render console with content type multipart/form-dataAllowed content types: [#<Mime::Type:0x007f8c0b1fabc8 @synonyms=["application/xhtml+xml"], @symbol=:html, @string="text/html">, #<Mime::Type:0x007f8c0b1fa7b8 @synonyms=[], @symbol=:text, @string="text/plain">, #<Mime::Type:0x007f8c0b20bd10 @synonyms=[], @symbol=:url_encoded_form, @string="application/x-www-form-urlencoded">]


Started GET "/people/new" for ::1 at 2015-11-18 11:29:10 +0900
Processing by PeopleController#new as HTML
  Rendered people/_form.html.erb (2.9ms)
  Rendered people/new.html.erb within layouts/application (4.0ms)
Completed 200 OK in 50ms (Views: 38.0ms | ActiveRecord: 0.5ms)


Started GET "/assets/scaffolds.self-3e0156051e0c60830396897ed146379f3fbcd6306ab22b35e814027febb1c742.css?body=1" for ::1 at 2015-11-18 11:29:10 +0900


Started GET "/assets/jquery_ujs.self-d456baa54c1fa6be2ec3711f0a72ddf7a5b2f34a6b4f515f33767d6207b7d4b3.js?body=1" for ::1 at 2015-11-18 11:29:10 +0900


Started GET "/assets/people.self-e3b0c44298fc1c149afbf4c8996fb92427ae41e4649b934ca495991b7852b855.css?body=1" for ::1 at 2015-11-18 11:29:10 +0900


Started GET "/assets/texts.self-e3b0c44298fc1c149afbf4c8996fb92427ae41e4649b934ca495991b7852b855.css?body=1" for ::1 at 2015-11-18 11:29:10 +0900


Started GET "/assets/application.self-e80e8f2318043e8af94dddc2adad5a4f09739a8ebb323b3ab31cd71d45fd9113.css?body=1" for ::1 at 2015-11-18 11:29:10 +0900


Started GET "/assets/jquery.self-a714331225dda820228db323939889f149aec0127aeb06255646b616ba1ca419.js?body=1" for ::1 at 2015-11-18 11:29:10 +0900


Started GET "/assets/turbolinks.self-c37727e9bd6b2735da5c311aa83fead54ed0be6cc8bd9a65309e9c5abe2cbfff.js?body=1" for ::1 at 2015-11-18 11:29:10 +0900


Started GET "/assets/people.self-877aef30ae1b040ab8a3aba4e3e309a11d7f2612f44dde450b5c157aa5f95c05.js?body=1" for ::1 at 2015-11-18 11:29:10 +0900


Started GET "/assets/texts.self-877aef30ae1b040ab8a3aba4e3e309a11d7f2612f44dde450b5c157aa5f95c05.js?body=1" for ::1 at 2015-11-18 11:29:10 +0900


Started GET "/assets/application.self-3b8dabdc891efe46b9a144b400ad69e37d7e5876bdc39dee783419a69d7ca819.js?body=1" for ::1 at 2015-11-18 11:29:10 +0900


Started POST "/people" for ::1 at 2015-11-18 11:29:15 +0900
Processing by PeopleController#create as HTML
  Parameters: {"utf8"=>"✓", "authenticity_token"=>"Xhu4PQFTO/c9Jokk+VrvVlHD2YJFEVV5jPuhKKj3ZVcL0/96hXROkkvmEzTCqd+zZxj1BMMlj+ZqXBu/J2aEAg==", "person"=>{"file"=>#<ActionDispatch::Http::UploadedFile:0x007f8c15150c68 @tempfile=#<Tempfile:/var/folders/fj/f593htpj66xbjzqgmjltgrnc0000gr/T/RackMultipart20151118-24733-1l79oc9.txt>, @original_filename="ファイルイメージデータ.txt", @content_type="text/plain", @headers="Content-Disposition: form-data; name=\"person[file]\"; filename=\"\xE3\x83\x95\xE3\x82\xA1\xE3\x82\xA4\xE3\x83\xAB\xE3\x82\xA4\xE3\x83\xA1\xE3\x83\xBC\xE3\x82\xB8\xE3\x83\x87\xE3\x83\xBC\xE3\x82\xBF.txt\"\r\nContent-Type: text/plain\r\n">}, "commit"=>"Create Person"}
Completed 500 Internal Server Error in 2ms (ActiveRecord: 0.0ms)

NoMethodError (undefined method `file_will_change!' for #<Person:0x007f8c1516abe0>):
  app/controllers/people_controller.rb:27:in `create'


  Rendered /Users/k.kawano/.rbenv/versions/2.0.0-p576/lib/ruby/gems/2.0.0/gems/actionpack-4.2.3/lib/action_dispatch/middleware/templates/rescues/_source.erb (5.7ms)
  Rendered /Users/k.kawano/.rbenv/versions/2.0.0-p576/lib/ruby/gems/2.0.0/gems/actionpack-4.2.3/lib/action_dispatch/middleware/templates/rescues/_trace.html.erb (2.2ms)
  Rendered /Users/k.kawano/.rbenv/versions/2.0.0-p576/lib/ruby/gems/2.0.0/gems/actionpack-4.2.3/lib/action_dispatch/middleware/templates/rescues/_request_and_response.html.erb (0.9ms)
  Rendered /Users/k.kawano/.rbenv/versions/2.0.0-p576/lib/ruby/gems/2.0.0/gems/actionpack-4.2.3/lib/action_dispatch/middleware/templates/rescues/diagnostics.html.erb within rescues/layout (21.4ms)
Cannot render console with content type multipart/form-dataAllowed content types: [#<Mime::Type:0x007f8c0b1fabc8 @synonyms=["application/xhtml+xml"], @symbol=:html, @string="text/html">, #<Mime::Type:0x007f8c0b1fa7b8 @synonyms=[], @symbol=:text, @string="text/plain">, #<Mime::Type:0x007f8c0b20bd10 @synonyms=[], @symbol=:url_encoded_form, @string="application/x-www-form-urlencoded">]


Started GET "/people/new" for ::1 at 2015-11-18 11:29:22 +0900
Processing by PeopleController#new as HTML
  Rendered people/_form.html.erb (2.2ms)
  Rendered people/new.html.erb within layouts/application (2.9ms)
Completed 200 OK in 55ms (Views: 45.2ms | ActiveRecord: 0.5ms)


Started GET "/assets/people.self-e3b0c44298fc1c149afbf4c8996fb92427ae41e4649b934ca495991b7852b855.css?body=1" for ::1 at 2015-11-18 11:29:23 +0900


Started GET "/assets/jquery_ujs.self-d456baa54c1fa6be2ec3711f0a72ddf7a5b2f34a6b4f515f33767d6207b7d4b3.js?body=1" for ::1 at 2015-11-18 11:29:23 +0900


Started GET "/assets/application.self-e80e8f2318043e8af94dddc2adad5a4f09739a8ebb323b3ab31cd71d45fd9113.css?body=1" for ::1 at 2015-11-18 11:29:23 +0900


Started GET "/assets/jquery.self-a714331225dda820228db323939889f149aec0127aeb06255646b616ba1ca419.js?body=1" for ::1 at 2015-11-18 11:29:23 +0900


Started GET "/assets/texts.self-e3b0c44298fc1c149afbf4c8996fb92427ae41e4649b934ca495991b7852b855.css?body=1" for ::1 at 2015-11-18 11:29:23 +0900


Started GET "/assets/scaffolds.self-3e0156051e0c60830396897ed146379f3fbcd6306ab22b35e814027febb1c742.css?body=1" for ::1 at 2015-11-18 11:29:23 +0900


Started GET "/assets/texts.self-877aef30ae1b040ab8a3aba4e3e309a11d7f2612f44dde450b5c157aa5f95c05.js?body=1" for ::1 at 2015-11-18 11:29:23 +0900


Started GET "/assets/turbolinks.self-c37727e9bd6b2735da5c311aa83fead54ed0be6cc8bd9a65309e9c5abe2cbfff.js?body=1" for ::1 at 2015-11-18 11:29:23 +0900


Started GET "/assets/people.self-877aef30ae1b040ab8a3aba4e3e309a11d7f2612f44dde450b5c157aa5f95c05.js?body=1" for ::1 at 2015-11-18 11:29:23 +0900


Started GET "/assets/application.self-3b8dabdc891efe46b9a144b400ad69e37d7e5876bdc39dee783419a69d7ca819.js?body=1" for ::1 at 2015-11-18 11:29:23 +0900


Started GET "/people/new" for ::1 at 2015-11-18 11:29:23 +0900
Processing by PeopleController#new as HTML
  Rendered people/_form.html.erb (1.6ms)
  Rendered people/new.html.erb within layouts/application (2.3ms)
Completed 200 OK in 42ms (Views: 41.0ms | ActiveRecord: 0.0ms)


Started GET "/assets/scaffolds.self-3e0156051e0c60830396897ed146379f3fbcd6306ab22b35e814027febb1c742.css?body=1" for ::1 at 2015-11-18 11:29:23 +0900


Started GET "/assets/application.self-e80e8f2318043e8af94dddc2adad5a4f09739a8ebb323b3ab31cd71d45fd9113.css?body=1" for ::1 at 2015-11-18 11:29:23 +0900


Started GET "/assets/jquery.self-a714331225dda820228db323939889f149aec0127aeb06255646b616ba1ca419.js?body=1" for ::1 at 2015-11-18 11:29:23 +0900


Started GET "/assets/texts.self-e3b0c44298fc1c149afbf4c8996fb92427ae41e4649b934ca495991b7852b855.css?body=1" for ::1 at 2015-11-18 11:29:23 +0900


Started GET "/assets/people.self-e3b0c44298fc1c149afbf4c8996fb92427ae41e4649b934ca495991b7852b855.css?body=1" for ::1 at 2015-11-18 11:29:23 +0900


Started GET "/assets/jquery_ujs.self-d456baa54c1fa6be2ec3711f0a72ddf7a5b2f34a6b4f515f33767d6207b7d4b3.js?body=1" for ::1 at 2015-11-18 11:29:23 +0900


Started GET "/assets/turbolinks.self-c37727e9bd6b2735da5c311aa83fead54ed0be6cc8bd9a65309e9c5abe2cbfff.js?body=1" for ::1 at 2015-11-18 11:29:23 +0900


Started GET "/assets/people.self-877aef30ae1b040ab8a3aba4e3e309a11d7f2612f44dde450b5c157aa5f95c05.js?body=1" for ::1 at 2015-11-18 11:29:23 +0900


Started GET "/assets/texts.self-877aef30ae1b040ab8a3aba4e3e309a11d7f2612f44dde450b5c157aa5f95c05.js?body=1" for ::1 at 2015-11-18 11:29:23 +0900


Started GET "/assets/application.self-3b8dabdc891efe46b9a144b400ad69e37d7e5876bdc39dee783419a69d7ca819.js?body=1" for ::1 at 2015-11-18 11:29:23 +0900


Started GET "/people/new" for ::1 at 2015-11-18 11:29:24 +0900
Processing by PeopleController#new as HTML
  Rendered people/_form.html.erb (1.7ms)
  Rendered people/new.html.erb within layouts/application (2.4ms)
Completed 200 OK in 38ms (Views: 37.4ms | ActiveRecord: 0.0ms)


Started GET "/assets/people.self-e3b0c44298fc1c149afbf4c8996fb92427ae41e4649b934ca495991b7852b855.css?body=1" for ::1 at 2015-11-18 11:29:24 +0900


Started GET "/assets/scaffolds.self-3e0156051e0c60830396897ed146379f3fbcd6306ab22b35e814027febb1c742.css?body=1" for ::1 at 2015-11-18 11:29:24 +0900


Started GET "/assets/jquery.self-a714331225dda820228db323939889f149aec0127aeb06255646b616ba1ca419.js?body=1" for ::1 at 2015-11-18 11:29:24 +0900


Started GET "/assets/texts.self-e3b0c44298fc1c149afbf4c8996fb92427ae41e4649b934ca495991b7852b855.css?body=1" for ::1 at 2015-11-18 11:29:24 +0900


Started GET "/assets/application.self-e80e8f2318043e8af94dddc2adad5a4f09739a8ebb323b3ab31cd71d45fd9113.css?body=1" for ::1 at 2015-11-18 11:29:24 +0900


Started GET "/assets/jquery_ujs.self-d456baa54c1fa6be2ec3711f0a72ddf7a5b2f34a6b4f515f33767d6207b7d4b3.js?body=1" for ::1 at 2015-11-18 11:29:24 +0900


Started GET "/assets/turbolinks.self-c37727e9bd6b2735da5c311aa83fead54ed0be6cc8bd9a65309e9c5abe2cbfff.js?body=1" for ::1 at 2015-11-18 11:29:24 +0900


Started GET "/assets/people.self-877aef30ae1b040ab8a3aba4e3e309a11d7f2612f44dde450b5c157aa5f95c05.js?body=1" for ::1 at 2015-11-18 11:29:24 +0900


Started GET "/assets/texts.self-877aef30ae1b040ab8a3aba4e3e309a11d7f2612f44dde450b5c157aa5f95c05.js?body=1" for ::1 at 2015-11-18 11:29:24 +0900


Started GET "/assets/application.self-3b8dabdc891efe46b9a144b400ad69e37d7e5876bdc39dee783419a69d7ca819.js?body=1" for ::1 at 2015-11-18 11:29:24 +0900


Started POST "/people" for ::1 at 2015-11-18 11:29:29 +0900
Processing by PeopleController#create as HTML
  Parameters: {"utf8"=>"✓", "authenticity_token"=>"F5YtFlyGVMFuOSTNZHsv23jII75kTwB+oOZSosGr8WdCXmpR2KEhpBj5vt1fiB8+ThMPOOJ72uFGQeg1TjoQMg==", "person"=>{"file"=>#<ActionDispatch::Http::UploadedFile:0x007f8c12f2f738 @tempfile=#<Tempfile:/var/folders/fj/f593htpj66xbjzqgmjltgrnc0000gr/T/RackMultipart20151118-24733-clr6gu.txt>, @original_filename="ファイルイメージデータ.txt", @content_type="text/plain", @headers="Content-Disposition: form-data; name=\"person[file]\"; filename=\"\xE3\x83\x95\xE3\x82\xA1\xE3\x82\xA4\xE3\x83\xAB\xE3\x82\xA4\xE3\x83\xA1\xE3\x83\xBC\xE3\x82\xB8\xE3\x83\x87\xE3\x83\xBC\xE3\x82\xBF.txt\"\r\nContent-Type: text/plain\r\n">}, "commit"=>"Create Person"}
Completed 500 Internal Server Error in 2ms (ActiveRecord: 0.0ms)

NoMethodError (undefined method `file_will_change!' for #<Person:0x007f8c151b1950>):
  app/controllers/people_controller.rb:27:in `create'


  Rendered /Users/k.kawano/.rbenv/versions/2.0.0-p576/lib/ruby/gems/2.0.0/gems/actionpack-4.2.3/lib/action_dispatch/middleware/templates/rescues/_source.erb (5.8ms)
  Rendered /Users/k.kawano/.rbenv/versions/2.0.0-p576/lib/ruby/gems/2.0.0/gems/actionpack-4.2.3/lib/action_dispatch/middleware/templates/rescues/_trace.html.erb (4.2ms)
  Rendered /Users/k.kawano/.rbenv/versions/2.0.0-p576/lib/ruby/gems/2.0.0/gems/actionpack-4.2.3/lib/action_dispatch/middleware/templates/rescues/_request_and_response.html.erb (0.9ms)
  Rendered /Users/k.kawano/.rbenv/versions/2.0.0-p576/lib/ruby/gems/2.0.0/gems/actionpack-4.2.3/lib/action_dispatch/middleware/templates/rescues/diagnostics.html.erb within rescues/layout (26.8ms)
Cannot render console with content type multipart/form-dataAllowed content types: [#<Mime::Type:0x007f8c0b1fabc8 @synonyms=["application/xhtml+xml"], @symbol=:html, @string="text/html">, #<Mime::Type:0x007f8c0b1fa7b8 @synonyms=[], @symbol=:text, @string="text/plain">, #<Mime::Type:0x007f8c0b20bd10 @synonyms=[], @symbol=:url_encoded_form, @string="application/x-www-form-urlencoded">]


Started GET "/people/new" for ::1 at 2015-11-18 11:30:44 +0900
  [1m[36mActiveRecord::SchemaMigration Load (0.1ms)[0m  [1mSELECT "schema_migrations".* FROM "schema_migrations"[0m
Processing by PeopleController#new as HTML
  Rendered people/_form.html.erb (16.7ms)
  Rendered people/new.html.erb within layouts/application (20.4ms)
Completed 200 OK in 272ms (Views: 249.2ms | ActiveRecord: 0.5ms)


Started POST "/people" for ::1 at 2015-11-18 11:30:52 +0900
Processing by PeopleController#create as HTML
  Parameters: {"utf8"=>"✓", "authenticity_token"=>"TPaLh6Z/mPwzB2ezNRNzzzdJ2YTrFRtO929DaqgC9pAZPszAIljtmUXH/aMO4EMqAZL1Am0hwdERyPn9J5MXxQ==", "person"=>{"file"=>#<ActionDispatch::Http::UploadedFile:0x007fd125699eb8 @tempfile=#<Tempfile:/var/folders/fj/f593htpj66xbjzqgmjltgrnc0000gr/T/RackMultipart20151118-25067-iaf2bo.txt>, @original_filename="ファイルイメージデータ.txt", @content_type="text/plain", @headers="Content-Disposition: form-data; name=\"person[file]\"; filename=\"\xE3\x83\x95\xE3\x82\xA1\xE3\x82\xA4\xE3\x83\xAB\xE3\x82\xA4\xE3\x83\xA1\xE3\x83\xBC\xE3\x82\xB8\xE3\x83\x87\xE3\x83\xBC\xE3\x82\xBF.txt\"\r\nContent-Type: text/plain\r\n">}, "commit"=>"Create Person"}
Completed 500 Internal Server Error in 2ms (ActiveRecord: 0.0ms)

NoMethodError (undefined method `file_will_change!' for #<Person:0x007fd1256a0100>):
  app/controllers/people_controller.rb:27:in `create'


  Rendered /Users/k.kawano/.rbenv/versions/2.0.0-p576/lib/ruby/gems/2.0.0/gems/actionpack-4.2.3/lib/action_dispatch/middleware/templates/rescues/_source.erb (5.9ms)
  Rendered /Users/k.kawano/.rbenv/versions/2.0.0-p576/lib/ruby/gems/2.0.0/gems/actionpack-4.2.3/lib/action_dispatch/middleware/templates/rescues/_trace.html.erb (2.2ms)
  Rendered /Users/k.kawano/.rbenv/versions/2.0.0-p576/lib/ruby/gems/2.0.0/gems/actionpack-4.2.3/lib/action_dispatch/middleware/templates/rescues/_request_and_response.html.erb (0.9ms)
  Rendered /Users/k.kawano/.rbenv/versions/2.0.0-p576/lib/ruby/gems/2.0.0/gems/actionpack-4.2.3/lib/action_dispatch/middleware/templates/rescues/diagnostics.html.erb within rescues/layout (23.2ms)
Cannot render console with content type multipart/form-dataAllowed content types: [#<Mime::Type:0x007fd12595aad0 @synonyms=["application/xhtml+xml"], @symbol=:html, @string="text/html">, #<Mime::Type:0x007fd12595a6c0 @synonyms=[], @symbol=:text, @string="text/plain">, #<Mime::Type:0x007fd12596bc18 @synonyms=[], @symbol=:url_encoded_form, @string="application/x-www-form-urlencoded">]


Started GET "/people/new" for ::1 at 2015-11-18 11:32:03 +0900
Processing by PeopleController#new as HTML
  Rendered people/_form.html.erb (2.5ms)
  Rendered people/new.html.erb within layouts/application (3.2ms)
Completed 200 OK in 38ms (Views: 36.7ms | ActiveRecord: 0.0ms)


Started GET "/assets/people.self-e3b0c44298fc1c149afbf4c8996fb92427ae41e4649b934ca495991b7852b855.css?body=1" for ::1 at 2015-11-18 11:32:03 +0900


Started GET "/assets/scaffolds.self-3e0156051e0c60830396897ed146379f3fbcd6306ab22b35e814027febb1c742.css?body=1" for ::1 at 2015-11-18 11:32:03 +0900


Started GET "/assets/texts.self-e3b0c44298fc1c149afbf4c8996fb92427ae41e4649b934ca495991b7852b855.css?body=1" for ::1 at 2015-11-18 11:32:03 +0900


Started GET "/assets/turbolinks.self-c37727e9bd6b2735da5c311aa83fead54ed0be6cc8bd9a65309e9c5abe2cbfff.js?body=1" for ::1 at 2015-11-18 11:32:03 +0900


Started GET "/assets/application.self-e80e8f2318043e8af94dddc2adad5a4f09739a8ebb323b3ab31cd71d45fd9113.css?body=1" for ::1 at 2015-11-18 11:32:03 +0900


Started GET "/assets/jquery_ujs.self-d456baa54c1fa6be2ec3711f0a72ddf7a5b2f34a6b4f515f33767d6207b7d4b3.js?body=1" for ::1 at 2015-11-18 11:32:03 +0900


Started GET "/assets/people.self-877aef30ae1b040ab8a3aba4e3e309a11d7f2612f44dde450b5c157aa5f95c05.js?body=1" for ::1 at 2015-11-18 11:32:03 +0900


Started GET "/assets/texts.self-877aef30ae1b040ab8a3aba4e3e309a11d7f2612f44dde450b5c157aa5f95c05.js?body=1" for ::1 at 2015-11-18 11:32:03 +0900


Started GET "/assets/jquery.self-a714331225dda820228db323939889f149aec0127aeb06255646b616ba1ca419.js?body=1" for ::1 at 2015-11-18 11:32:03 +0900


Started GET "/assets/application.self-3b8dabdc891efe46b9a144b400ad69e37d7e5876bdc39dee783419a69d7ca819.js?body=1" for ::1 at 2015-11-18 11:32:03 +0900


Started POST "/people" for ::1 at 2015-11-18 11:32:05 +0900
Processing by PeopleController#create as HTML
  Parameters: {"utf8"=>"✓", "authenticity_token"=>"xxvwpKO2Uh/fCH0sTyZgaUdOj10XCXVpUrynMkfng1+S07fjJ5EneqnI5zx01VCMcZWj25E9r/a0Gx2lyHZiCg==", "person"=>{"parent"=>"", "child"=>""}, "commit"=>"Create Person"}
  [1m[35m (0.1ms)[0m  begin transaction
  [1m[36mSQL (0.4ms)[0m  [1mINSERT INTO "people" ("parent", "child", "created_at", "updated_at") VALUES (?, ?, ?, ?)[0m  [["parent", ""], ["child", ""], ["created_at", "2015-11-18 02:32:05.662450"], ["updated_at", "2015-11-18 02:32:05.662450"]]
  [1m[35m (60.0ms)[0m  commit transaction
Redirected to http://localhost:3000/people/3
Completed 302 Found in 67ms (ActiveRecord: 60.5ms)


Started GET "/people/3" for ::1 at 2015-11-18 11:32:05 +0900
Processing by PeopleController#show as HTML
  Parameters: {"id"=>"3"}
  [1m[36mPerson Load (0.4ms)[0m  [1mSELECT  "people".* FROM "people" WHERE "people"."id" = ? LIMIT 1[0m  [["id", 3]]
  Rendered people/show.html.erb within layouts/application (1.2ms)
Completed 200 OK in 48ms (Views: 39.3ms | ActiveRecord: 0.4ms)


Started GET "/people" for ::1 at 2015-11-18 11:32:14 +0900
Processing by PeopleController#index as HTML
  [1m[35mPerson Load (0.2ms)[0m  SELECT "people".* FROM "people"
  Rendered people/index.html.erb within layouts/application (2.4ms)
Completed 200 OK in 39ms (Views: 38.5ms | ActiveRecord: 0.2ms)


Started GET "/people/new" for ::1 at 2015-11-18 11:32:23 +0900
Processing by PeopleController#new as HTML
  Rendered people/_form.html.erb (2.7ms)
  Rendered people/new.html.erb within layouts/application (4.1ms)
Completed 200 OK in 127ms (Views: 126.5ms | ActiveRecord: 0.0ms)


Started GET "/people/new" for ::1 at 2015-11-18 11:32:24 +0900
Processing by PeopleController#new as HTML
  Rendered people/_form.html.erb (2.4ms)
  Rendered people/new.html.erb within layouts/application (3.5ms)
Completed 200 OK in 40ms (Views: 38.7ms | ActiveRecord: 0.0ms)
